Minggu-14/Projek FUDUM/app/build/intermediates/manifest_merge_blame_file/debug/manifest-merger-blame-debug-report.txt
1<?xml version="1.0" encoding="utf-8"?>
2<manifest xmlns:android="http://schemas.android.com/apk/res/android"
3    package="com.suhailahnfsella.fudum"
4    android:versionCode="1"
5    android:versionName="1.0" >
6
7    <uses-sdk
8        android:minSdkVersion="22"
8-->src\main\AndroidManifest.xml
9        android:targetSdkVersion="30" />
9-->src\main\AndroidManifest.xml
10
11    <application
11-->src\main\AndroidManifest.xml:5:5-51:19
12        android:allowBackup="true"
12-->src\main\AndroidManifest.xml:6:9-35
13        android:appComponentFactory="androidx.core.app.CoreComponentFactory"
13-->[androidx.core:core:1.5.0] AndroidManifest.xml:24:18-86
14        android:debuggable="true"
15        android:icon="@mipmap/ic_apk"
15-->src\main\AndroidManifest.xml:7:9-38
16        android:label="@string/app_name"
16-->src\main\AndroidManifest.xml:8:9-41
17        android:roundIcon="@drawable/ic_apk"
17-->src\main\AndroidManifest.xml:9:9-45
18        android:supportsRtl="true"
18-->src\main\AndroidManifest.xml:10:9-35
19        android:testOnly="true"
20        android:theme="@style/Theme.Fudum" >
20-->src\main\AndroidManifest.xml:11:9-43
21        <activity
21-->src\main\AndroidManifest.xml:12:9-15:67
22            android:name="com.suhailahnfsella.fudum.Lainnya"
22-->src\main\AndroidManifest.xml:13:13-36
23            android:exported="false"
23-->src\main\AndroidManifest.xml:14:13-37
24            android:windowSoftInputMode="adjustPan|adjustResize" />
24-->src\main\AndroidManifest.xml:15:13-65
25        <activity
25-->src\main\AndroidManifest.xml:16:9-19:67
26            android:name="com.suhailahnfsella.fudum.Herbal"
26-->src\main\AndroidManifest.xml:17:13-35
27            android:exported="false"
27-->src\main\AndroidManifest.xml:18:13-37
28            android:windowSoftInputMode="adjustPan|adjustResize" />
28-->src\main\AndroidManifest.xml:19:13-65
29        <activity
29-->src\main\AndroidManifest.xml:20:9-23:67
30            android:name="com.suhailahnfsella.fudum.Minuman"
30-->src\main\AndroidManifest.xml:21:13-36
31            android:exported="false"
31-->src\main\AndroidManifest.xml:22:13-37
32            android:windowSoftInputMode="adjustPan|adjustResize" />
32-->src\main\AndroidManifest.xml:23:13-65
33        <activity
33-->src\main\AndroidManifest.xml:24:9-27:68
34            android:name="com.suhailahnfsella.fudum.MakananRingan"
34-->src\main\AndroidManifest.xml:25:13-42
35            android:exported="false"
35-->src\main\AndroidManifest.xml:26:13-37
36            android:windowSoftInputMode="adjustPan|adjustResize" />
36-->src\main\AndroidManifest.xml:27:13-65
37        <activity
37-->src\main\AndroidManifest.xml:28:9-31:67
38            android:name="com.suhailahnfsella.fudum.MakananBerat"
38-->src\main\AndroidManifest.xml:29:13-41
39            android:exported="false"
39-->src\main\AndroidManifest.xml:30:13-37
40            android:windowSoftInputMode="adjustPan|adjustResize" />
40-->src\main\AndroidManifest.xml:31:13-65
41        <activity
41-->src\main\AndroidManifest.xml:32:9-34:39
42            android:name="com.suhailahnfsella.fudum.Daftar"
42-->src\main\AndroidManifest.xml:33:13-35
43            android:exported="true" />
43-->src\main\AndroidManifest.xml:34:13-36
44        <activity
44-->src\main\AndroidManifest.xml:35:9-37:39
45            android:name="com.suhailahnfsella.fudum.Login"
45-->src\main\AndroidManifest.xml:36:13-34
46            android:exported="true" />
46-->src\main\AndroidManifest.xml:37:13-36
47        <activity
47-->src\main\AndroidManifest.xml:38:9-41:67
48            android:name="com.suhailahnfsella.fudum.Home"
48-->src\main\AndroidManifest.xml:39:13-33
49            android:exported="true"
49-->src\main\AndroidManifest.xml:40:13-36
50            android:windowSoftInputMode="adjustPan|adjustResize" />
50-->src\main\AndroidManifest.xml:41:13-65
51        <activity
51-->src\main\AndroidManifest.xml:42:9-50:20
52            android:name="com.suhailahnfsella.fudum.MainActivity"
52-->src\main\AndroidManifest.xml:43:13-41
53            android:exported="true" >
53-->src\main\AndroidManifest.xml:44:13-36
54            <intent-filter>
54-->src\main\AndroidManifest.xml:45:13-49:29
55                <action android:name="android.intent.action.MAIN" />
55-->src\main\AndroidManifest.xml:46:17-69
55-->src\main\AndroidManifest.xml:46:25-66
56
57                <category android:name="android.intent.category.LAUNCHER" />
57-->src\main\AndroidManifest.xml:48:17-77
57-->src\main\AndroidManifest.xml:48:27-74
58            </intent-filter>
59        </activity>
60    </application>
61
62</manifest>